Determining if the pthread_create exist failed with the following output:
Change Dir: /home/ubuntu/ROS_Test/catkin_ws1/build/CMakeFiles/CMakeTmp

Run Build Command:"/usr/bin/make" "cmTC_71d67/fast"
/usr/bin/make -f CMakeFiles/cmTC_71d67.dir/build.make CMakeFiles/cmTC_71d67.dir/build
make[1]: 디렉터리 '/home/ubuntu/ROS_Test/catkin_ws1/build/CMakeFiles/CMakeTmp' 들어감
Building C object CMakeFiles/cmTC_71d67.dir/CheckSymbolExists.c.o
/usr/bin/cc    -o CMakeFiles/cmTC_71d67.dir/CheckSymbolExists.c.o   -c /home/ubuntu/ROS_Test/catkin_ws1/build/CMakeFiles/CMakeTmp/CheckSymbolExists.c
Linking C executable cmTC_71d67
/usr/bin/cmake -E cmake_link_script CMakeFiles/cmTC_71d67.dir/link.txt --verbose=1
/usr/bin/cc      -rdynamic CMakeFiles/cmTC_71d67.dir/CheckSymbolExists.c.o  -o cmTC_71d67 
CMakeFiles/cmTC_71d67.dir/CheckSymbolExists.c.o: In function `main':
CheckSymbolExists.c:(.text+0x14): undefined reference to `pthread_create'
CheckSymbolExists.c:(.text+0x18): undefined reference to `pthread_create'
collect2: error: ld returned 1 exit status
CMakeFiles/cmTC_71d67.dir/build.make:97: recipe for target 'cmTC_71d67' failed
make[1]: *** [cmTC_71d67] Error 1
make[1]: 디렉터리 '/home/ubuntu/ROS_Test/catkin_ws1/build/CMakeFiles/CMakeTmp' 나감
Makefile:126: recipe for target 'cmTC_71d67/fast' failed
make: *** [cmTC_71d67/fast] Error 2

File /home/ubuntu/ROS_Test/catkin_ws1/build/CMakeFiles/CMakeTmp/CheckSymbolExists.c:
/* */
#include <pthread.h>

int main(int argc, char** argv)
{
  (void)argv;
#ifndef pthread_create
  return ((int*)(&pthread_create))[argc];
#else
  (void)argc;
  return 0;
#endif
}

Determining if the function pthread_create exists in the pthreads failed with the following output:
Change Dir: /home/ubuntu/ROS_Test/catkin_ws1/build/CMakeFiles/CMakeTmp

Run Build Command:"/usr/bin/make" "cmTC_bf119/fast"
/usr/bin/make -f CMakeFiles/cmTC_bf119.dir/build.make CMakeFiles/cmTC_bf119.dir/build
make[1]: 디렉터리 '/home/ubuntu/ROS_Test/catkin_ws1/build/CMakeFiles/CMakeTmp' 들어감
Building C object CMakeFiles/cmTC_bf119.dir/CheckFunctionExists.c.o
/usr/bin/cc   -DCHECK_FUNCTION_EXISTS=pthread_create   -o CMakeFiles/cmTC_bf119.dir/CheckFunctionExists.c.o   -c /usr/share/cmake-3.10/Modules/CheckFunctionExists.c
Linking C executable cmTC_bf119
/usr/bin/cmake -E cmake_link_script CMakeFiles/cmTC_bf119.dir/link.txt --verbose=1
/usr/bin/cc  -DCHECK_FUNCTION_EXISTS=pthread_create    -rdynamic CMakeFiles/cmTC_bf119.dir/CheckFunctionExists.c.o  -o cmTC_bf119 -lpthreads 
/usr/bin/ld: cannot find -lpthreads
collect2: error: ld returned 1 exit status
CMakeFiles/cmTC_bf119.dir/build.make:97: recipe for target 'cmTC_bf119' failed
make[1]: *** [cmTC_bf119] Error 1
make[1]: 디렉터리 '/home/ubuntu/ROS_Test/catkin_ws1/build/CMakeFiles/CMakeTmp' 나감
Makefile:126: recipe for target 'cmTC_bf119/fast' failed
make: *** [cmTC_bf119/fast] Error 2


